node: lc4anode
NTIMES: 10000
V_SIZE: 50000
threads_num: 4


old-style-statistics
  COPY: 6924.72MB/s
COPY_V: 13943.9MB/s
COPY_V_OMP: 21979.1MB/s
COPY_OMP: 17430.7MB/s
copy mx diff: 0

statistic in ms, speedup
copy basic : 0.055088 1.000000
copy v     : 0.027357 2.013648
copy omp   : 0.021885 2.517165
copy v+omp : 0.017356 3.174001


old-style-statistics
   FMA: 6437.973825MB/s
 FMA_V: 12432.309607MB/s
 FMA_V_OMP: 15272.875500MB/s
 FMA_OMP: 14068.153477MB/s
 fma mx diff: 0.000000

statistic in ms, speedup
fma basic  : 0.088880 1.000000
fma v      : 0.046026 1.931090
fma omp    : 0.040674 2.185183
fma v+omp  : 0.037465 2.372311


old-style-statistics
  NORM: 0.000082s
NORM_V: 0.000020s
NORM_V_OMP: 0.000011s
NORM_OMP: 0.000011s
norm  : 1032195.750000
norm_v: 1032195.750000
norm diff: 1.687500

statistic in ms, speedup
norm basic : 0.081554 1.000000
norm v     : 0.020032 4.071213
norm omp   : 0.010786 7.561051
norm v+omp : 0.010804 7.548221

